C51 COMPILER V9.01   F350_FLASHPRIMITIVES                                                  03/12/2013 10:52:21 PAGE 1   


C51 COMPILER V9.01, COMPILATION OF MODULE F350_FLASHPRIMITIVES
OBJECT MODULE PLACED IN F350_FlashPrimitives.obj
COMPILER INVOKED BY: C:\Keil\C51\BIN\C51.EXE scr\F350_FlashPrimitives.c INCDIR(.\inc) DEBUG OBJECTEXTEND PRINT(.\F350_Fl
                    -ashPrimitives.lst) OBJECT(F350_FlashPrimitives.obj)

line level    source

   1          //-----------------------------------------------------------------------------
   2          // F350_FlashPrimitives.c
   3          //-----------------------------------------------------------------------------
   4          // Copyright 2004 Silicon Laboratories, Inc.
   5          //
   6          // This program contains several useful utilities for writing and updating
   7          // FLASH memory.
   8          //
   9          // AUTH: BW & GP
  10          // DATE: 21 JUL 04
  11          //
  12          // Target: C8051F35x
  13          // Tool chain: KEIL C51 7.06
  14          //
  15          // Release 1.0
  16          //
  17          
  18          //-----------------------------------------------------------------------------
  19          // Includes
  20          //-----------------------------------------------------------------------------
  21          
  22          #include "F350_FlashPrimitives.h"
  23          #include <c8051F350.h>
  24          
  25          //-----------------------------------------------------------------------------
  26          // Structures, Unions, Enumerations, and Type Definitions
  27          //-----------------------------------------------------------------------------
  28          
  29          //-----------------------------------------------------------------------------
  30          // Global Constants
  31          //-----------------------------------------------------------------------------
  32          
  33          //-----------------------------------------------------------------------------
  34          // Function Prototypes
  35          //-----------------------------------------------------------------------------
  36          
  37          // FLASH read/write/erase routines
  38          void FLASH_ByteWrite (FLADDR addr, char byte);
  39          unsigned char FLASH_ByteRead (FLADDR addr);
  40          void FLASH_PageErase (FLADDR addr);
  41          
  42          //-----------------------------------------------------------------------------
  43          // Global Variables
  44          //-----------------------------------------------------------------------------
  45          
  46          //-----------------------------------------------------------------------------
  47          // FLASH Routines
  48          //-----------------------------------------------------------------------------
  49          
  50          //-----------------------------------------------------------------------------
  51          // FLASH_ByteWrite
  52          //-----------------------------------------------------------------------------
  53          //
  54          // This routine writes <byte> to the linear FLASH address <addr>.
C51 COMPILER V9.01   F350_FLASHPRIMITIVES                                                  03/12/2013 10:52:21 PAGE 2   

  55          //
  56          void FLASH_ByteWrite (FLADDR addr, char byte)
  57          {
  58   1         bit EA_SAVE = EA;                   // preserve EA
  59   1         char xdata * data pwrite;           // FLASH write pointer
  60   1      
  61   1         EA = 0;                             // disable interrupts
  62   1      
  63   1         // change clock speed to slow, then restore later
  64   1      
  65   1         VDM0CN = 0x80;                      // enable VDD monitor
  66   1      
  67   1      
  68   1         RSTSRC = 0x02;                      // enable VDD monitor as a reset source
  69   1      
  70   1         pwrite = (char xdata *) addr;
  71   1      
  72   1         FLKEY  = 0xA5;                      // Key Sequence 1
  73   1         FLKEY  = 0xF1;                      // Key Sequence 2
  74   1         PSCTL |= 0x01;                      // PSWE = 1
  75   1      
  76   1      
  77   1         VDM0CN = 0x80;                      // enable VDD monitor
  78   1      
  79   1      
  80   1         RSTSRC = 0x02;                      // enable VDD monitor as a reset source
  81   1      
  82   1         *pwrite = byte;                     // write the byte
  83   1      
  84   1         PSCTL &= ~0x01;                     // PSWE = 0
  85   1      
  86   1         EA = EA_SAVE;                       // restore interrupts
  87   1      }
  88          
  89          //-----------------------------------------------------------------------------
  90          // FLASH_ByteRead
  91          //-----------------------------------------------------------------------------
  92          //
  93          // This routine reads a <byte> from the linear FLASH address <addr>.
  94          //
  95          unsigned char FLASH_ByteRead (FLADDR addr)
  96          {
  97   1         bit EA_SAVE = EA;                   // preserve EA
  98   1         char code * data pread;             // FLASH read pointer
  99   1         unsigned char byte;
 100   1      
 101   1         EA = 0;                             // disable interrupts
 102   1      
 103   1         pread = (char code *) addr;
 104   1      
 105   1         byte = *pread;                      // read the byte
 106   1      
 107   1         EA = EA_SAVE;                       // restore interrupts
 108   1      
 109   1         return byte;
 110   1      }
 111          
 112          //-----------------------------------------------------------------------------
 113          // FLASH_PageErase 
 114          //-----------------------------------------------------------------------------
 115          //
 116          // This routine erases the FLASH page containing the linear FLASH address
C51 COMPILER V9.01   F350_FLASHPRIMITIVES                                                  03/12/2013 10:52:21 PAGE 3   

 117          // <addr>.
 118          //
 119          void FLASH_PageErase (FLADDR addr)
 120          {
 121   1         bit EA_SAVE = EA;                   // preserve EA
 122   1         char xdata * data pwrite;           // FLASH write pointer
 123   1      
 124   1         EA = 0;                          // disable interrupts
 125   1         // change clock speed to slow, then restore later
 126   1      
 127   1         VDM0CN = 0x80;                      // enable VDD monitor
 128   1      
 129   1      
 130   1         RSTSRC = 0x02;                   // enable VDD monitor as a reset source
 131   1      
 132   1         pwrite = (char xdata *) addr;
 133   1      
 134   1         FLKEY  = 0xA5;                   // Key Sequence 1
 135   1         FLKEY  = 0xF1;                   // Key Sequence 2
 136   1         PSCTL |= 0x03;                   // PSWE = 1; PSEE = 1
 137   1      
 138   1      
 139   1         VDM0CN = 0x80;                      // enable VDD monitor
 140   1      
 141   1      
 142   1         RSTSRC = 0x02;                   // enable VDD monitor as a reset source
 143   1         *pwrite = 0;                     // initiate page erase
 144   1      
 145   1         PSCTL &= ~0x03;                  // PSWE = 0; PSEE = 0
 146   1      
 147   1         EA = EA_SAVE;                    // restore interrupts
 148   1      }


MODULE INFORMATION:   STATIC OVERLAYABLE
   CODE SIZE        =    100    ----
   CONSTANT SIZE    =   ----    ----
   XDATA SIZE       =   ----    ----
   PDATA SIZE       =   ----    ----
   DATA SIZE        =   ----    ----
   IDATA SIZE       =   ----    ----
   BIT SIZE         =   ----       3
END OF MODULE INFORMATION.


C51 COMPILATION COMPLETE.  0 WARNING(S),  0 ERROR(S)
