C51 COMPILER V9.01   F35X_EXTERNAL_INTERRUPTS                                              03/10/2013 21:54:11 PAGE 1   


C51 COMPILER V9.01, COMPILATION OF MODULE F35X_EXTERNAL_INTERRUPTS
OBJECT MODULE PLACED IN F35x_External_Interrupts.obj
COMPILER INVOKED BY: C:\Keil\C51\BIN\C51.EXE scr\F35x_External_Interrupts.c BROWSE INCDIR(.\inc) DEBUG OBJECTEXTEND PRIN
                    -T(.\F35x_External_Interrupts.lst) OBJECT(F35x_External_Interrupts.obj)

line level    source

   1          //-----------------------------------------------------------------------------
   2          // F35x_External_Interrupts.c
   3          //-----------------------------------------------------------------------------
   4          // Copyright 2007 Silicon Laboratories, Inc.
   5          // http://www.silabs.com
   6          //
   7          // Program Description:
   8          //
   9          // This software shows the necessary configuration to use External Interrupt 0
  10          // (/INT0) or External Interrupt 1 (/INT1) as an interrupt source.  The code
  11          // executes the initialization routines and then spins in an infinite while()
  12          // loop.  If the button on P1.0 (on the target board) is pressed, then the
  13          // edge-triggered /INT0 input on P0.0 will cause an interrupt and toggle the
  14          // LED.
  15          //
  16          // Pinout:
  17          //
  18          // P0.0 - /INT0
  19          // P0.1 - /INT1
  20          //
  21          // P1.0 - SW1 (Switch 1)
  22          // P0.6 - LED1
  23          // P0.7 - LED2
  24          //
  25          // How To Test:
  26          //
  27          // 1) Compile and download code to a 'F35x target board.
  28          // 2) On the target board, connect P1.0_SW J3 to P0.0 for /INT0 and P0.1 for
  29          //    /INT1.
  30          // 3) Press the switches.  Every time a switch is pressed, the P0.6 or P0.7
  31          //    LED should toggle.
  32          //
  33          // Target:         C8051F35x
  34          // Tool chain:     Keil C51 7.50 / Keil EVAL C51
  35          // Command Line:   None
  36          //
  37          //
  38          // Release 1.0
  39          //    -Initial Revision (SM)
  40          //    -19 JUN 2007
  41          //
  42          
  43          //-----------------------------------------------------------------------------
  44          // Include Files
  45          //-----------------------------------------------------------------------------
  46          
  47          #include "F35x_External_Interrupts.h"
  48          
  49          //-----------------------------------------------------------------------------
  50          // Initialization Subroutines
  51          //-----------------------------------------------------------------------------
  52          
  53          //-----------------------------------------------------------------------------
  54          // Ext_Port_Init
C51 COMPILER V9.01   F35X_EXTERNAL_INTERRUPTS                                              03/10/2013 21:54:11 PAGE 2   

  55          //-----------------------------------------------------------------------------
  56          //
  57          // Return Value : None
  58          // Parameters   : None
  59          //
  60          // This function configures the crossbar and GPIO ports.
  61          //
  62          // Pinout:
  63          //
  64          // P0.0 - digital   open-drain  /INT0
  65          // P0.1 - digital   open-drain  /INT1
  66          // P0.6 - digital   push-pull   LED1
  67          // P0.7 - digital   push-pull   LED2
  68          //
  69          // P1.0 - digital   open-drain  SW1 (Switch 1)
  70          //
  71          //-----------------------------------------------------------------------------
  72          void Ext_Port_Init (void)
  73          {
  74   1         //P0MDIN |= 0xC0;                     // P0.6 and P0.7 are digital
  75   1         P0MDOUT = 0xC0;                     // P0.6 and P0.7 are push-pull
  76   1         //P0MDIN |= 0xC0;                     // P0.6 and P0.7 are digital
  77   1         P1MDOUT = 0xFF;                     // P0.6 and P0.7 are push-pull
  78   1         XBR1    = 0x40;                     // Enable crossbar and enable
  79   1      }
  80          
  81          //
  82          // Return Value : None
  83          // Parameters   : None
  84          //
  85          // This function configures and enables /INT0 and /INT1 (External Interrupts)
  86          // as negative edge-triggered.
  87          //
  88          //-----------------------------------------------------------------------------
  89          void Ext_Interrupt_Init (void)
  90          {
  91   1         Ext_Port_Init ();                                    //初始化外部中断管脚
  92   1         TCON = 0x05;                        // /INT 0 and /INT 1 are edge triggered
  93   1         IT01CF = 0x10;                      // /INT0 active low; /INT0 on P0.0;
  94   1                                             // /INT1 active low; /INT1 on P0.1
  95   1         EX0 = 1;                            // Enable /INT0 interrupts
  96   1         EX1 = 1;                            // Enable /INT1 interrupts
  97   1      }
  98          
  99          //-----------------------------------------------------------------------------
 100          // Interrupt Service Routines
 101          //-----------------------------------------------------------------------------
 102          
 103          
 104          
 105          //-----------------------------------------------------------------------------
 106          // End Of File
 107          //-----------------------------------------------------------------------------


MODULE INFORMATION:   STATIC OVERLAYABLE
   CODE SIZE        =     24    ----
   CONSTANT SIZE    =   ----    ----
   XDATA SIZE       =   ----    ----
   PDATA SIZE       =   ----    ----
   DATA SIZE        =   ----    ----
   IDATA SIZE       =   ----    ----
C51 COMPILER V9.01   F35X_EXTERNAL_INTERRUPTS                                              03/10/2013 21:54:11 PAGE 3   

   BIT SIZE         =   ----    ----
END OF MODULE INFORMATION.


C51 COMPILATION COMPLETE.  0 WARNING(S),  0 ERROR(S)
