C51 COMPILER V9.01   KEY_EVENTS                                                            04/23/2013 09:43:14 PAGE 1   


C51 COMPILER V9.01, COMPILATION OF MODULE KEY_EVENTS
OBJECT MODULE PLACED IN Key_events.obj
COMPILER INVOKED BY: C:\Keil\C51\BIN\C51.EXE scr\Key_events.c BROWSE INCDIR(.\inc) DEBUG OBJECTEXTEND PRINT(.\Key_events
                    -.lst) OBJECT(Key_events.obj)

line level    source

   1          #include "Key_events.h"
   2          void mykey()
   3          {
   4   1      //      unsigned char addr;
   5   1              idata int key_count=0;
   6   1              int i=0;
   7   1              idata long tatl_key=0;//超过128要定义成idata
   8   1      //      char address[9];
   9   1              int key_flag=0;//按键处理标志位
  10   1              //管脚已经初始化过了！  
  11   1              while(key==0)
  12   1              {
  13   2                      
  14   2                      delay(10);//消除抖动延时
  15   2                      key_count++;
  16   2                      if(key_flag==0)
  17   2                      {
  18   3                              key_flag=1; 
  19   3                      }               
  20   2              }
  21   1              if(key_flag==1)
  22   1              {
  23   2                      if(key_count<1100)//短按操作（校0）
  24   2                      {
  25   3                              //add your code here    
  26   3                              LCD_clr();
  27   3                              LCD_write_string(0,LINE1,"I LOVE NOKIA!");
  28   3      
  29   3                              Cardinal=tatl_main;//较零
  30   3      
  31   3      //                      printf("Cardinal voltage: %ld \n",Cardinal);
  32   3                      }
  33   2                      if(key_count>=1100)//长按操作（定标）
  34   2                      {
  35   3      //                      LCD_clr();
  36   3      //                      LCD_write_string(0,LINE1,"I LOVE NOKIA!");
  37   3      //                      delay(1000);//延时显示
  38   3      //                      delay(1000);
  39   3      //                      delay(1000);
  40   3      //                      delay(1000);
  41   3      //                      delay(1000);
  42   3      //                      delay(1000);
  43   3      //                      delay(1000);
  44   3      //                      delay(1000);
  45   3                              //add your code here
  46   3                      }
  47   2                      key_flag=0;
  48   2              }               
  49   1      }


MODULE INFORMATION:   STATIC OVERLAYABLE
   CODE SIZE        =    107    ----
   CONSTANT SIZE    =     14    ----
C51 COMPILER V9.01   KEY_EVENTS                                                            04/23/2013 09:43:14 PAGE 2   

   XDATA SIZE       =   ----    ----
   PDATA SIZE       =   ----    ----
   DATA SIZE        =   ----       4
   IDATA SIZE       =   ----       6
   BIT SIZE         =   ----    ----
END OF MODULE INFORMATION.


C51 COMPILATION COMPLETE.  0 WARNING(S),  0 ERROR(S)
